<?xml version="1.0" encoding="UTF-8"?>
<!-- Generated by org.testng.reporters.JUnitReportReporter -->
<testsuite hostname="Lenovo-PC" name="TestNG.FirstTestNGFile" tests="1" failures="0" timestamp="21 Aug 2016 08:52:09 GMT" time="7.965" errors="0">
  <testcase name="verifyHomePageTitle" time="7.965" classname="TestNG.FirstTestNGFile"/>
</testsuite> <!-- TestNG.FirstTestNGFile -->
