<?xml version="1.0" encoding="UTF-8"?>
<!-- Generated by org.testng.reporters.JUnitReportReporter -->
<testsuite hostname="Lenovo-PC" name="TestNG.DemoTestNG" tests="1" failures="0" timestamp="31 May 2016 17:05:00 GMT" time="0.012" errors="0">
  <testcase name="testPrintMessage" time="0.012" classname="TestNG.DemoTestNG"/>
</testsuite> <!-- TestNG.DemoTestNG -->
